2016-07-27 2:24:38 - PHP Warning:  mail() has been disabled for security reasons in /home/karyasmk/public_html/system/library/mail.php on line 158
2016-07-27 3:05:43 - PHP Warning:  mail() has been disabled for security reasons in /home/karyasmk/public_html/system/library/mail.php on line 158
2016-08-19 12:38:01 - PHP Warning:  mail() has been disabled for security reasons in /home/karyasmk/public_html/system/library/mail.php on line 158
2016-08-22 12:08:50 - PHP Warning:  mail() has been disabled for security reasons in /home/karyasmk/public_html/system/library/mail.php on line 158
2016-08-22 12:09:05 - PHP Warning:  mail() has been disabled for security reasons in /home/karyasmk/public_html/system/library/mail.php on line 158
2016-08-22 12:12:13 - PHP Warning:  mail() has been disabled for security reasons in /home/karyasmk/public_html/system/library/mail.php on line 158
2016-08-22 12:13:24 - PHP Warning:  mail() has been disabled for security reasons in /home/karyasmk/public_html/system/library/mail.php on line 158
2016-08-22 12:27:07 - PHP Warning:  fsockopen(): php_network_getaddresses: getaddrinfo failed: Name or service not known in /home/karyasmk/public_html/system/library/mail.php on line 167
2016-08-22 12:27:07 - PHP Warning:  fsockopen(): unable to connect to admin:25 (php_network_getaddresses: getaddrinfo failed: Name or service not known) in /home/karyasmk/public_html/system/library/mail.php on line 167
2016-08-22 12:32:28 - PHP Warning:  fsockopen(): php_network_getaddresses: getaddrinfo failed: Name or service not known in /home/karyasmk/public_html/system/library/mail.php on line 167
2016-08-22 12:32:28 - PHP Warning:  fsockopen(): unable to connect to smtp.karyasmk.com:25 (php_network_getaddresses: getaddrinfo failed: Name or service not known) in /home/karyasmk/public_html/system/library/mail.php on line 167
2016-08-22 12:34:14 - PHP Warning:  fsockopen(): php_network_getaddresses: getaddrinfo failed: Name or service not known in /home/karyasmk/public_html/system/library/mail.php on line 167
2016-08-22 12:34:14 - PHP Warning:  fsockopen(): unable to connect to smtp.karyasmk.com:465 (php_network_getaddresses: getaddrinfo failed: Name or service not known) in /home/karyasmk/public_html/system/library/mail.php on line 167
2016-08-22 12:40:16 - PHP Warning:  fsockopen(): php_network_getaddresses: getaddrinfo failed: Name or service not known in /home/karyasmk/public_html/system/library/mail.php on line 167
2016-08-22 12:40:16 - PHP Warning:  fsockopen(): unable to connect to smtp.karyasmk.com:465 (php_network_getaddresses: getaddrinfo failed: Name or service not known) in /home/karyasmk/public_html/system/library/mail.php on line 167
2016-08-22 12:49:22 - PHP Warning:  fsockopen(): php_network_getaddresses: getaddrinfo failed: Name or service not known in /home/karyasmk/public_html/system/library/mail.php on line 167
2016-08-22 12:49:22 - PHP Warning:  fsockopen(): unable to connect to smtp.karyasmk.com:465 (php_network_getaddresses: getaddrinfo failed: Name or service not known) in /home/karyasmk/public_html/system/library/mail.php on line 167
2016-08-22 12:49:26 - PHP Warning:  fsockopen(): php_network_getaddresses: getaddrinfo failed: Name or service not known in /home/karyasmk/public_html/system/library/mail.php on line 167
2016-08-22 12:49:26 - PHP Warning:  fsockopen(): unable to connect to smtp.karyasmk.com:465 (php_network_getaddresses: getaddrinfo failed: Name or service not known) in /home/karyasmk/public_html/system/library/mail.php on line 167
2016-08-22 12:49:36 - PHP Warning:  fsockopen(): php_network_getaddresses: getaddrinfo failed: Name or service not known in /home/karyasmk/public_html/system/library/mail.php on line 167
2016-08-22 12:49:36 - PHP Warning:  fsockopen(): unable to connect to smtp.karyasmk.com:465 (php_network_getaddresses: getaddrinfo failed: Name or service not known) in /home/karyasmk/public_html/system/library/mail.php on line 167
2016-08-22 12:50:45 - PHP Warning:  fsockopen(): php_network_getaddresses: getaddrinfo failed: Name or service not known in /home/karyasmk/public_html/system/library/mail.php on line 167
2016-08-22 12:50:45 - PHP Warning:  fsockopen(): unable to connect to smtp.karyasmk.com:465 (php_network_getaddresses: getaddrinfo failed: Name or service not known) in /home/karyasmk/public_html/system/library/mail.php on line 167
2016-08-22 12:50:48 - PHP Warning:  fsockopen(): php_network_getaddresses: getaddrinfo failed: Name or service not known in /home/karyasmk/public_html/system/library/mail.php on line 167
2016-08-22 12:50:48 - PHP Warning:  fsockopen(): unable to connect to smtp.karyasmk.com:465 (php_network_getaddresses: getaddrinfo failed: Name or service not known) in /home/karyasmk/public_html/system/library/mail.php on line 167
2016-08-22 12:50:51 - PHP Warning:  fsockopen(): php_network_getaddresses: getaddrinfo failed: Name or service not known in /home/karyasmk/public_html/system/library/mail.php on line 167
2016-08-22 12:50:51 - PHP Warning:  fsockopen(): unable to connect to smtp.karyasmk.com:465 (php_network_getaddresses: getaddrinfo failed: Name or service not known) in /home/karyasmk/public_html/system/library/mail.php on line 167
2016-08-22 13:00:34 - PHP Warning:  mail() has been disabled for security reasons in /home/karyasmk/public_html/system/library/mail.php on line 156
2016-09-01 23:55:00 - PHP Warning:  array_merge(): Argument #2 is not an array in /home/karyasmk/public_html/catalog/view/theme/pav_flower/template/common/parts/head.tpl on line 11
2016-09-01 23:55:00 - PHP Warning:  array_merge(): Argument #2 is not an array in /home/karyasmk/public_html/catalog/view/theme/pav_flower/template/common/parts/head.tpl on line 11
2016-09-01 23:55:03 - PHP Warning:  array_merge(): Argument #2 is not an array in /home/karyasmk/public_html/catalog/view/theme/pav_flower/template/common/parts/head.tpl on line 11
2016-09-01 23:58:24 - PHP Warning:  array_merge(): Argument #2 is not an array in /home/karyasmk/public_html/catalog/view/theme/pav_flower/template/common/parts/head.tpl on line 11
2016-09-01 23:59:24 - PHP Warning:  array_merge(): Argument #2 is not an array in /home/karyasmk/public_html/catalog/view/theme/pav_flower/template/common/parts/head.tpl on line 11
2016-09-01 23:59:46 - PHP Warning:  array_merge(): Argument #2 is not an array in /home/karyasmk/public_html/catalog/view/theme/pav_flower/template/common/parts/head.tpl on line 11
2016-09-02 0:00:49 - PHP Warning:  array_merge(): Argument #2 is not an array in /home/karyasmk/public_html/catalog/view/theme/pav_flower/template/common/parts/head.tpl on line 11
2016-09-02 0:01:56 - PHP Warning:  array_merge(): Argument #2 is not an array in /home/karyasmk/public_html/catalog/view/theme/pav_flower/template/common/parts/head.tpl on line 11
2016-09-02 0:02:00 - PHP Warning:  array_merge(): Argument #2 is not an array in /home/karyasmk/public_html/catalog/view/theme/pav_flower/template/common/parts/head.tpl on line 11
2016-09-02 0:02:40 - PHP Warning:  array_merge(): Argument #2 is not an array in /home/karyasmk/public_html/catalog/view/theme/pav_flower/template/common/parts/head.tpl on line 11
2016-09-02 0:02:45 - PHP Warning:  array_merge(): Argument #2 is not an array in /home/karyasmk/public_html/catalog/view/theme/pav_flower/template/common/parts/head.tpl on line 11
2016-09-02 0:03:12 - PHP Warning:  array_merge(): Argument #2 is not an array in /home/karyasmk/public_html/catalog/view/theme/pav_flower/template/common/parts/head.tpl on line 11
2016-09-02 0:03:17 - PHP Warning:  array_merge(): Argument #2 is not an array in /home/karyasmk/public_html/catalog/view/theme/pav_flower/template/common/parts/head.tpl on line 11
2016-09-02 0:03:23 - PHP Warning:  array_merge(): Argument #2 is not an array in /home/karyasmk/public_html/catalog/view/theme/pav_flower/template/common/parts/head.tpl on line 11
2016-09-02 0:03:29 - PHP Warning:  array_merge(): Argument #2 is not an array in /home/karyasmk/public_html/catalog/view/theme/pav_flower/template/common/parts/head.tpl on line 11
2016-09-02 0:03:32 - PHP Warning:  array_merge(): Argument #2 is not an array in /home/karyasmk/public_html/catalog/view/theme/pav_flower/template/common/parts/head.tpl on line 11
2016-09-02 0:03:38 - PHP Warning:  array_merge(): Argument #2 is not an array in /home/karyasmk/public_html/catalog/view/theme/pav_flower/template/common/parts/head.tpl on line 11
2016-09-02 0:04:14 - PHP Warning:  array_merge(): Argument #2 is not an array in /home/karyasmk/public_html/catalog/view/theme/pav_flower/template/common/parts/head.tpl on line 11
2016-09-02 0:04:17 - PHP Warning:  array_merge(): Argument #2 is not an array in /home/karyasmk/public_html/catalog/view/theme/pav_flower/template/common/parts/head.tpl on line 11
2016-09-02 0:04:29 - PHP Warning:  array_merge(): Argument #2 is not an array in /home/karyasmk/public_html/catalog/view/theme/pav_flower/template/common/parts/head.tpl on line 11
2016-09-02 0:04:41 - PHP Warning:  array_merge(): Argument #2 is not an array in /home/karyasmk/public_html/catalog/view/theme/pav_flower/template/common/parts/head.tpl on line 11
2016-09-02 0:04:50 - PHP Warning:  array_merge(): Argument #2 is not an array in /home/karyasmk/public_html/catalog/view/theme/pav_flower/template/common/parts/head.tpl on line 11
2016-09-02 0:04:53 - PHP Warning:  array_merge(): Argument #2 is not an array in /home/karyasmk/public_html/catalog/view/theme/pav_flower/template/common/parts/head.tpl on line 11
2016-09-02 0:05:11 - PHP Warning:  array_merge(): Argument #2 is not an array in /home/karyasmk/public_html/catalog/view/theme/pav_flower/template/common/parts/head.tpl on line 11
2016-09-02 0:05:25 - PHP Warning:  array_merge(): Argument #2 is not an array in /home/karyasmk/public_html/catalog/view/theme/pav_flower/template/common/parts/head.tpl on line 11
2016-09-02 0:05:29 - PHP Warning:  array_merge(): Argument #2 is not an array in /home/karyasmk/public_html/catalog/view/theme/pav_flower/template/common/parts/head.tpl on line 11
2016-09-02 0:05:34 - PHP Warning:  array_merge(): Argument #2 is not an array in /home/karyasmk/public_html/catalog/view/theme/pav_flower/template/common/parts/head.tpl on line 11
2016-09-02 0:05:38 - PHP Warning:  array_merge(): Argument #2 is not an array in /home/karyasmk/public_html/catalog/view/theme/pav_flower/template/common/parts/head.tpl on line 11
2016-09-02 0:05:42 - PHP Warning:  array_merge(): Argument #2 is not an array in /home/karyasmk/public_html/catalog/view/theme/pav_flower/template/common/parts/head.tpl on line 11
2016-09-02 0:05:45 - PHP Warning:  array_merge(): Argument #2 is not an array in /home/karyasmk/public_html/catalog/view/theme/pav_flower/template/common/parts/head.tpl on line 11
2016-09-02 0:07:13 - PHP Warning:  array_merge(): Argument #2 is not an array in /home/karyasmk/public_html/catalog/view/theme/pav_flower/template/common/parts/head.tpl on line 11
2016-09-02 0:07:18 - PHP Warning:  array_merge(): Argument #2 is not an array in /home/karyasmk/public_html/catalog/view/theme/pav_flower/template/common/parts/head.tpl on line 11
2016-09-02 0:07:40 - PHP Warning:  array_merge(): Argument #2 is not an array in /home/karyasmk/public_html/catalog/view/theme/pav_flower/template/common/parts/head.tpl on line 11
2016-09-02 0:07:47 - PHP Warning:  array_merge(): Argument #2 is not an array in /home/karyasmk/public_html/catalog/view/theme/pav_flower/template/common/parts/head.tpl on line 11
2016-09-02 0:08:14 - PHP Warning:  array_merge(): Argument #2 is not an array in /home/karyasmk/public_html/catalog/view/theme/pav_flower/template/common/parts/head.tpl on line 11
2016-09-02 0:09:24 - PHP Warning:  array_merge(): Argument #2 is not an array in /home/karyasmk/public_html/catalog/view/theme/pav_flower/template/common/parts/head.tpl on line 11
2016-09-02 0:09:37 - PHP Warning:  array_merge(): Argument #2 is not an array in /home/karyasmk/public_html/catalog/view/theme/pav_flower/template/common/parts/head.tpl on line 11
2016-09-02 0:09:43 - PHP Warning:  array_merge(): Argument #2 is not an array in /home/karyasmk/public_html/catalog/view/theme/pav_flower/template/common/parts/head.tpl on line 11
2016-09-02 0:10:02 - PHP Warning:  array_merge(): Argument #2 is not an array in /home/karyasmk/public_html/catalog/view/theme/pav_flower/template/common/parts/head.tpl on line 11
2016-09-02 0:10:06 - PHP Warning:  array_merge(): Argument #2 is not an array in /home/karyasmk/public_html/catalog/view/theme/pav_flower/template/common/parts/head.tpl on line 11
2016-09-02 0:10:18 - PHP Warning:  array_merge(): Argument #2 is not an array in /home/karyasmk/public_html/catalog/view/theme/pav_flower/template/common/parts/head.tpl on line 11
2016-09-02 0:10:21 - PHP Warning:  array_merge(): Argument #2 is not an array in /home/karyasmk/public_html/catalog/view/theme/pav_flower/template/common/parts/head.tpl on line 11
2016-09-02 0:10:23 - PHP Warning:  array_merge(): Argument #2 is not an array in /home/karyasmk/public_html/catalog/view/theme/pav_flower/template/common/parts/head.tpl on line 11
2016-09-02 0:10:26 - PHP Warning:  array_merge(): Argument #2 is not an array in /home/karyasmk/public_html/catalog/view/theme/pav_flower/template/common/parts/head.tpl on line 11
2016-09-02 0:10:28 - PHP Warning:  array_merge(): Argument #2 is not an array in /home/karyasmk/public_html/catalog/view/theme/pav_flower/template/common/parts/head.tpl on line 11
2016-09-02 0:10:43 - PHP Warning:  array_merge(): Argument #2 is not an array in /home/karyasmk/public_html/catalog/view/theme/pav_flower/template/common/parts/head.tpl on line 11
2016-09-02 0:10:47 - PHP Warning:  array_merge(): Argument #2 is not an array in /home/karyasmk/public_html/catalog/view/theme/pav_flower/template/common/parts/head.tpl on line 11
2016-09-02 0:11:27 - PHP Warning:  array_merge(): Argument #2 is not an array in /home/karyasmk/public_html/catalog/view/theme/pav_flower/template/common/parts/head.tpl on line 11
2016-09-02 0:11:48 - PHP Warning:  array_merge(): Argument #2 is not an array in /home/karyasmk/public_html/catalog/view/theme/pav_flower/template/common/parts/head.tpl on line 11
2016-09-02 0:11:50 - PHP Warning:  array_merge(): Argument #2 is not an array in /home/karyasmk/public_html/catalog/view/theme/pav_flower/template/common/parts/head.tpl on line 11
2016-09-02 0:12:06 - PHP Warning:  array_merge(): Argument #2 is not an array in /home/karyasmk/public_html/catalog/view/theme/pav_flower/template/common/parts/head.tpl on line 11
2016-09-02 0:12:09 - PHP Warning:  array_merge(): Argument #2 is not an array in /home/karyasmk/public_html/catalog/view/theme/pav_flower/template/common/parts/head.tpl on line 11
2016-09-02 0:12:11 - PHP Warning:  array_merge(): Argument #2 is not an array in /home/karyasmk/public_html/catalog/view/theme/pav_flower/template/common/parts/head.tpl on line 11
2016-09-02 0:12:11 - PHP Notice:  Undefined index: contact_customhtml in /home/karyasmk/public_html/catalog/view/theme/pav_flower/template/information/contact.tpl on line 77
2016-09-02 0:12:35 - PHP Warning:  array_merge(): Argument #2 is not an array in /home/karyasmk/public_html/catalog/view/theme/pav_flower/template/common/parts/head.tpl on line 11
2016-09-02 0:12:52 - PHP Warning:  array_merge(): Argument #2 is not an array in /home/karyasmk/public_html/catalog/view/theme/pav_flower/template/common/parts/head.tpl on line 11
2016-09-02 0:13:00 - PHP Warning:  array_merge(): Argument #2 is not an array in /home/karyasmk/public_html/catalog/view/theme/pav_flower/template/common/parts/head.tpl on line 11
2016-09-02 0:13:04 - PHP Warning:  array_merge(): Argument #2 is not an array in /home/karyasmk/public_html/catalog/view/theme/pav_flower/template/common/parts/head.tpl on line 11
2016-09-02 0:13:07 - PHP Warning:  array_merge(): Argument #2 is not an array in /home/karyasmk/public_html/catalog/view/theme/pav_flower/template/common/parts/head.tpl on line 11
2016-09-02 0:13:11 - PHP Warning:  array_merge(): Argument #2 is not an array in /home/karyasmk/public_html/catalog/view/theme/pav_flower/template/common/parts/head.tpl on line 11
2016-09-02 0:13:15 - PHP Warning:  array_merge(): Argument #2 is not an array in /home/karyasmk/public_html/catalog/view/theme/pav_flower/template/common/parts/head.tpl on line 11
2016-09-02 0:13:18 - PHP Warning:  array_merge(): Argument #2 is not an array in /home/karyasmk/public_html/catalog/view/theme/pav_flower/template/common/parts/head.tpl on line 11
2016-09-02 0:13:23 - PHP Warning:  array_merge(): Argument #2 is not an array in /home/karyasmk/public_html/catalog/view/theme/pav_flower/template/common/parts/head.tpl on line 11
2016-09-02 0:13:27 - PHP Warning:  array_merge(): Argument #2 is not an array in /home/karyasmk/public_html/catalog/view/theme/pav_flower/template/common/parts/head.tpl on line 11
2016-09-02 0:13:31 - PHP Warning:  array_merge(): Argument #2 is not an array in /home/karyasmk/public_html/catalog/view/theme/pav_flower/template/common/parts/head.tpl on line 11
2016-09-02 0:13:34 - PHP Warning:  array_merge(): Argument #2 is not an array in /home/karyasmk/public_html/catalog/view/theme/pav_flower/template/common/parts/head.tpl on line 11
2016-09-02 0:13:39 - PHP Warning:  array_merge(): Argument #2 is not an array in /home/karyasmk/public_html/catalog/view/theme/pav_flower/template/common/parts/head.tpl on line 11
2016-09-02 0:13:41 - PHP Warning:  array_merge(): Argument #2 is not an array in /home/karyasmk/public_html/catalog/view/theme/pav_flower/template/common/parts/head.tpl on line 11
2016-09-02 0:13:47 - PHP Warning:  array_merge(): Argument #2 is not an array in /home/karyasmk/public_html/catalog/view/theme/pav_flower/template/common/parts/head.tpl on line 11
2016-09-02 0:13:51 - PHP Warning:  array_merge(): Argument #2 is not an array in /home/karyasmk/public_html/catalog/view/theme/pav_flower/template/common/parts/head.tpl on line 11
2016-09-02 0:13:54 - PHP Warning:  array_merge(): Argument #2 is not an array in /home/karyasmk/public_html/catalog/view/theme/pav_flower/template/common/parts/head.tpl on line 11
2016-09-02 0:13:57 - PHP Warning:  array_merge(): Argument #2 is not an array in /home/karyasmk/public_html/catalog/view/theme/pav_flower/template/common/parts/head.tpl on line 11
2016-09-02 0:13:59 - PHP Warning:  array_merge(): Argument #2 is not an array in /home/karyasmk/public_html/catalog/view/theme/pav_flower/template/common/parts/head.tpl on line 11
2016-09-02 0:14:01 - PHP Warning:  array_merge(): Argument #2 is not an array in /home/karyasmk/public_html/catalog/view/theme/pav_flower/template/common/parts/head.tpl on line 11
2016-09-02 0:14:01 - PHP Notice:  Undefined index: contact_customhtml in /home/karyasmk/public_html/catalog/view/theme/pav_flower/template/information/contact.tpl on line 77
2016-09-02 0:14:07 - PHP Warning:  array_merge(): Argument #2 is not an array in /home/karyasmk/public_html/catalog/view/theme/pav_flower/template/common/parts/head.tpl on line 11
2016-09-02 0:15:05 - PHP Warning:  array_merge(): Argument #2 is not an array in /home/karyasmk/public_html/catalog/view/theme/pav_flower/template/common/parts/head.tpl on line 11
2016-09-02 10:22:02 - PHP Notice:  Undefined index: email in /home/karyasmk/public_html/catalog/controller/module/pavnewsletter.php on line 76
2016-09-02 10:22:02 - PHP Notice:  Undefined index: email in /home/karyasmk/public_html/catalog/controller/module/pavnewsletter.php on line 78
2016-09-02 10:22:02 - PHP Notice:  Undefined index: email in /home/karyasmk/public_html/catalog/controller/module/pavnewsletter.php on line 79
2016-09-02 12:54:59 - PHP Notice:  Undefined index: sub_district_id in /home/karyasmk/public_html/system/storage/modification/catalog/model/account/address.php on line 74
2016-09-02 12:55:01 - PHP Notice:  Undefined index: sub_district_id in /home/karyasmk/public_html/system/storage/modification/catalog/model/account/address.php on line 74
2016-09-02 12:55:03 - PHP Notice:  Undefined index: sub_district_id in /home/karyasmk/public_html/system/storage/modification/catalog/model/account/address.php on line 74
2016-09-02 12:55:04 - PHP Notice:  Undefined index: sub_district_id in /home/karyasmk/public_html/system/storage/modification/catalog/model/account/address.php on line 74
2016-09-02 12:55:13 - PHP Notice:  Undefined index: sub_district_id in /home/karyasmk/public_html/system/storage/modification/catalog/model/account/address.php on line 74
2016-09-02 12:56:00 - PHP Warning:  DOMDocument::loadXML(): Document is empty in Entity, line: 1 in /home/karyasmk/public_html/vqmod/vqcache/vq2-admin_controller_extension_installer.php on line 436
2016-09-02 12:56:00 - PHP Warning:  DOMDocument::loadXML(): Start tag expected, '&lt;' not found in Entity, line: 1 in /home/karyasmk/public_html/vqmod/vqcache/vq2-admin_controller_extension_installer.php on line 436
2016-09-02 12:58:28 - PHP Notice:  Undefined index: sub_district_id in /home/karyasmk/public_html/system/storage/modification/catalog/model/account/address.php on line 74
2016-09-02 12:59:15 - PHP Notice:  Undefined index: sub_district_id in /home/karyasmk/public_html/system/storage/modification/catalog/model/account/address.php on line 74
2016-09-02 13:00:00 - PHP Notice:  Undefined index: sub_district_id in /home/karyasmk/public_html/system/storage/modification/catalog/model/account/address.php on line 74
2016-09-02 13:00:13 - PHP Notice:  Undefined index: sub_district_id in /home/karyasmk/public_html/system/storage/modification/catalog/model/account/address.php on line 74
2016-09-02 13:03:52 - PHP Notice:  Undefined index: sub_district_id in /home/karyasmk/public_html/system/storage/modification/catalog/model/account/address.php on line 74
2016-09-02 13:03:54 - PHP Notice:  Undefined index: sub_district_id in /home/karyasmk/public_html/system/storage/modification/catalog/model/account/address.php on line 74
2016-09-02 13:03:55 - PHP Notice:  Undefined index: sub_district_id in /home/karyasmk/public_html/system/storage/modification/catalog/model/account/address.php on line 74
2016-09-02 13:03:55 - PHP Notice:  Undefined index: sub_district_id in /home/karyasmk/public_html/system/storage/modification/catalog/model/account/address.php on line 74
2016-09-02 13:03:56 - PHP Notice:  Undefined index: sub_district_id in /home/karyasmk/public_html/system/storage/modification/catalog/model/account/address.php on line 74
2016-09-02 13:10:45 - PHP Warning:  Parameter 1 to ModelTotalJneAssurance::getTotal() expected to be a reference, value given in /home/karyasmk/public_html/vqmod/vqcache/vq2-system_storage_modification_system_engine_loader.php on line 150
2016-09-02 13:10:45 - PHP Warning:  Parameter 1 to ModelTotalJnePk::getTotal() expected to be a reference, value given in /home/karyasmk/public_html/vqmod/vqcache/vq2-system_storage_modification_system_engine_loader.php on line 150
2016-09-02 13:10:48 - PHP Notice:  Undefined index: sub_district_id in /home/karyasmk/public_html/system/storage/modification/catalog/model/account/address.php on line 74
2016-09-02 13:13:02 - PHP Warning:  Parameter 1 to ModelTotalJneAssurance::getTotal() expected to be a reference, value given in /home/karyasmk/public_html/vqmod/vqcache/vq2-system_storage_modification_system_engine_loader.php on line 150
2016-09-02 13:13:02 - PHP Warning:  Parameter 1 to ModelTotalJnePk::getTotal() expected to be a reference, value given in /home/karyasmk/public_html/vqmod/vqcache/vq2-system_storage_modification_system_engine_loader.php on line 150
2016-09-02 13:13:06 - PHP Notice:  Undefined index: sub_district_id in /home/karyasmk/public_html/system/storage/modification/catalog/model/account/address.php on line 74
2016-09-02 13:13:07 - PHP Notice:  Undefined index: sub_district_id in /home/karyasmk/public_html/system/storage/modification/catalog/model/account/address.php on line 74
2016-09-02 13:13:07 - PHP Notice:  Undefined index: sub_district_id in /home/karyasmk/public_html/system/storage/modification/catalog/model/account/address.php on line 74
2016-09-02 13:13:08 - PHP Notice:  Undefined index: sub_district_id in /home/karyasmk/public_html/system/storage/modification/catalog/model/account/address.php on line 74
2016-09-02 13:13:54 - PHP Warning:  DOMDocument::loadXML(): Document is empty in Entity, line: 1 in /home/karyasmk/public_html/vqmod/vqcache/vq2-admin_controller_extension_installer.php on line 436
2016-09-02 13:13:54 - PHP Warning:  DOMDocument::loadXML(): Start tag expected, '&lt;' not found in Entity, line: 1 in /home/karyasmk/public_html/vqmod/vqcache/vq2-admin_controller_extension_installer.php on line 436
2016-09-02 13:16:12 - PHP Warning:  Parameter 1 to ModelTotalJneAssurance::getTotal() expected to be a reference, value given in /home/karyasmk/public_html/vqmod/vqcache/vq2-system_storage_modification_system_engine_loader.php on line 150
2016-09-02 13:16:12 - PHP Warning:  Parameter 1 to ModelTotalJnePk::getTotal() expected to be a reference, value given in /home/karyasmk/public_html/vqmod/vqcache/vq2-system_storage_modification_system_engine_loader.php on line 150
2016-09-02 13:17:08 - PHP Warning:  Parameter 1 to ModelTotalJneAssurance::getTotal() expected to be a reference, value given in /home/karyasmk/public_html/vqmod/vqcache/vq2-system_storage_modification_system_engine_loader.php on line 150
2016-09-02 13:17:08 - PHP Warning:  Parameter 1 to ModelTotalJnePk::getTotal() expected to be a reference, value given in /home/karyasmk/public_html/vqmod/vqcache/vq2-system_storage_modification_system_engine_loader.php on line 150
2016-09-02 13:21:54 - PHP Warning:  Parameter 1 to ModelTotalJneAssurance::getTotal() expected to be a reference, value given in /home/karyasmk/public_html/vqmod/vqcache/vq2-system_storage_modification_system_engine_loader.php on line 150
2016-09-02 13:21:54 - PHP Warning:  Parameter 1 to ModelTotalJnePk::getTotal() expected to be a reference, value given in /home/karyasmk/public_html/vqmod/vqcache/vq2-system_storage_modification_system_engine_loader.php on line 150
2016-09-02 13:25:19 - PHP Warning:  Parameter 1 to ModelTotalJneAssurance::getTotal() expected to be a reference, value given in /home/karyasmk/public_html/vqmod/vqcache/vq2-system_storage_modification_system_engine_loader.php on line 150
2016-09-02 13:25:19 - PHP Warning:  Parameter 1 to ModelTotalJnePk::getTotal() expected to be a reference, value given in /home/karyasmk/public_html/vqmod/vqcache/vq2-system_storage_modification_system_engine_loader.php on line 150
2016-09-02 13:25:26 - PHP Warning:  Parameter 1 to ModelTotalJneAssurance::getTotal() expected to be a reference, value given in /home/karyasmk/public_html/vqmod/vqcache/vq2-system_storage_modification_system_engine_loader.php on line 150
2016-09-02 13:25:26 - PHP Warning:  Parameter 1 to ModelTotalJnePk::getTotal() expected to be a reference, value given in /home/karyasmk/public_html/vqmod/vqcache/vq2-system_storage_modification_system_engine_loader.php on line 150
2016-09-02 13:25:32 - PHP Warning:  Parameter 1 to ModelTotalJneAssurance::getTotal() expected to be a reference, value given in /home/karyasmk/public_html/vqmod/vqcache/vq2-system_storage_modification_system_engine_loader.php on line 150
2016-09-02 13:25:32 - PHP Warning:  Parameter 1 to ModelTotalJnePk::getTotal() expected to be a reference, value given in /home/karyasmk/public_html/vqmod/vqcache/vq2-system_storage_modification_system_engine_loader.php on line 150
2016-09-02 13:25:35 - PHP Warning:  Parameter 1 to ModelTotalJneAssurance::getTotal() expected to be a reference, value given in /home/karyasmk/public_html/vqmod/vqcache/vq2-system_storage_modification_system_engine_loader.php on line 150
2016-09-02 13:25:35 - PHP Warning:  Parameter 1 to ModelTotalJnePk::getTotal() expected to be a reference, value given in /home/karyasmk/public_html/vqmod/vqcache/vq2-system_storage_modification_system_engine_loader.php on line 150
2016-09-02 13:26:15 - PHP Warning:  Parameter 1 to ModelTotalJneAssurance::getTotal() expected to be a reference, value given in /home/karyasmk/public_html/vqmod/vqcache/vq2-system_storage_modification_system_engine_loader.php on line 150
2016-09-02 13:26:15 - PHP Warning:  Parameter 1 to ModelTotalJnePk::getTotal() expected to be a reference, value given in /home/karyasmk/public_html/vqmod/vqcache/vq2-system_storage_modification_system_engine_loader.php on line 150
2016-09-02 13:26:57 - PHP Notice:  Undefined index: sub_district_id in /home/karyasmk/public_html/system/storage/modification/catalog/model/account/address.php on line 74
2016-09-03 4:44:59 - PHP Warning:  Parameter 1 to ModelTotalJneAssurance::getTotal() expected to be a reference, value given in /home/karyasmk/public_html/vqmod/vqcache/vq2-system_storage_modification_system_engine_loader.php on line 150
2016-09-03 4:44:59 - PHP Warning:  Parameter 1 to ModelTotalJnePk::getTotal() expected to be a reference, value given in /home/karyasmk/public_html/vqmod/vqcache/vq2-system_storage_modification_system_engine_loader.php on line 150
2016-09-03 4:45:03 - PHP Warning:  Parameter 1 to ModelTotalJneAssurance::getTotal() expected to be a reference, value given in /home/karyasmk/public_html/vqmod/vqcache/vq2-system_storage_modification_system_engine_loader.php on line 150
2016-09-03 4:45:03 - PHP Warning:  Parameter 1 to ModelTotalJnePk::getTotal() expected to be a reference, value given in /home/karyasmk/public_html/vqmod/vqcache/vq2-system_storage_modification_system_engine_loader.php on line 150
2016-09-03 4:45:10 - PHP Warning:  Parameter 1 to ModelTotalJneAssurance::getTotal() expected to be a reference, value given in /home/karyasmk/public_html/vqmod/vqcache/vq2-system_storage_modification_system_engine_loader.php on line 150
2016-09-03 4:45:10 - PHP Warning:  Parameter 1 to ModelTotalJnePk::getTotal() expected to be a reference, value given in /home/karyasmk/public_html/vqmod/vqcache/vq2-system_storage_modification_system_engine_loader.php on line 150
2016-09-03 4:45:13 - PHP Warning:  Parameter 1 to ModelTotalJneAssurance::getTotal() expected to be a reference, value given in /home/karyasmk/public_html/vqmod/vqcache/vq2-system_storage_modification_system_engine_loader.php on line 150
2016-09-03 4:45:13 - PHP Warning:  Parameter 1 to ModelTotalJnePk::getTotal() expected to be a reference, value given in /home/karyasmk/public_html/vqmod/vqcache/vq2-system_storage_modification_system_engine_loader.php on line 150
2016-09-03 4:45:17 - PHP Warning:  Parameter 1 to ModelTotalJneAssurance::getTotal() expected to be a reference, value given in /home/karyasmk/public_html/vqmod/vqcache/vq2-system_storage_modification_system_engine_loader.php on line 150
2016-09-03 4:45:17 - PHP Warning:  Parameter 1 to ModelTotalJnePk::getTotal() expected to be a reference, value given in /home/karyasmk/public_html/vqmod/vqcache/vq2-system_storage_modification_system_engine_loader.php on line 150
2016-09-03 4:46:18 - PHP Warning:  Parameter 1 to ModelTotalJneAssurance::getTotal() expected to be a reference, value given in /home/karyasmk/public_html/vqmod/vqcache/vq2-system_storage_modification_system_engine_loader.php on line 150
2016-09-03 4:46:18 - PHP Warning:  Parameter 1 to ModelTotalJnePk::getTotal() expected to be a reference, value given in /home/karyasmk/public_html/vqmod/vqcache/vq2-system_storage_modification_system_engine_loader.php on line 150
2016-09-03 4:46:59 - PHP Warning:  Parameter 1 to ModelTotalJneAssurance::getTotal() expected to be a reference, value given in /home/karyasmk/public_html/vqmod/vqcache/vq2-system_storage_modification_system_engine_loader.php on line 150
2016-09-03 4:46:59 - PHP Warning:  Parameter 1 to ModelTotalJnePk::getTotal() expected to be a reference, value given in /home/karyasmk/public_html/vqmod/vqcache/vq2-system_storage_modification_system_engine_loader.php on line 150
2016-09-03 4:49:07 - PHP Warning:  Parameter 1 to ModelTotalJneAssurance::getTotal() expected to be a reference, value given in /home/karyasmk/public_html/vqmod/vqcache/vq2-system_storage_modification_system_engine_loader.php on line 150
2016-09-03 4:49:07 - PHP Warning:  Parameter 1 to ModelTotalJnePk::getTotal() expected to be a reference, value given in /home/karyasmk/public_html/vqmod/vqcache/vq2-system_storage_modification_system_engine_loader.php on line 150
2016-09-03 4:49:39 - PHP Warning:  Parameter 1 to ModelTotalJneAssurance::getTotal() expected to be a reference, value given in /home/karyasmk/public_html/vqmod/vqcache/vq2-system_storage_modification_system_engine_loader.php on line 150
2016-09-03 4:49:39 - PHP Warning:  Parameter 1 to ModelTotalJnePk::getTotal() expected to be a reference, value given in /home/karyasmk/public_html/vqmod/vqcache/vq2-system_storage_modification_system_engine_loader.php on line 150
2016-09-03 4:52:08 - PHP Warning:  Parameter 1 to ModelTotalJneAssurance::getTotal() expected to be a reference, value given in /home/karyasmk/public_html/vqmod/vqcache/vq2-system_storage_modification_system_engine_loader.php on line 150
2016-09-03 4:52:08 - PHP Warning:  Parameter 1 to ModelTotalJnePk::getTotal() expected to be a reference, value given in /home/karyasmk/public_html/vqmod/vqcache/vq2-system_storage_modification_system_engine_loader.php on line 150
2016-09-03 4:52:30 - PHP Warning:  Parameter 1 to ModelTotalJneAssurance::getTotal() expected to be a reference, value given in /home/karyasmk/public_html/vqmod/vqcache/vq2-system_storage_modification_system_engine_loader.php on line 150
2016-09-03 4:52:30 - PHP Warning:  Parameter 1 to ModelTotalJnePk::getTotal() expected to be a reference, value given in /home/karyasmk/public_html/vqmod/vqcache/vq2-system_storage_modification_system_engine_loader.php on line 150
2016-09-03 4:52:40 - PHP Warning:  Parameter 1 to ModelTotalJneAssurance::getTotal() expected to be a reference, value given in /home/karyasmk/public_html/vqmod/vqcache/vq2-system_storage_modification_system_engine_loader.php on line 150
2016-09-03 4:52:40 - PHP Warning:  Parameter 1 to ModelTotalJnePk::getTotal() expected to be a reference, value given in /home/karyasmk/public_html/vqmod/vqcache/vq2-system_storage_modification_system_engine_loader.php on line 150
2016-09-03 4:53:39 - PHP Warning:  Parameter 1 to ModelTotalJnePk::getTotal() expected to be a reference, value given in /home/karyasmk/public_html/vqmod/vqcache/vq2-system_storage_modification_system_engine_loader.php on line 150
